android/app/build/intermediates/manifest_merge_blame_file/debug/processDebugMainManifest/manifest-merger-blame-debug-report.txt
1<?xml version="1.0" encoding="utf-8"?>
2<manifest xmlns:android="http://schemas.android.com/apk/res/android"
3    package="com.dominobrick.app"
4    android:versionCode="1"
5    android:versionName="0.1" >
6
7    <uses-sdk
7-->INJECTED
8        android:minSdkVersion="33"
8-->INJECTED
9        android:targetSdkVersion="36" />
9-->INJECTED
10
11    <uses-feature
11-->src/main/AndroidManifest.xml:4:5-90
12        android:name="android.hardware.bluetooth_le"
12-->src/main/AndroidManifest.xml:4:19-63
13        android:required="true" />
13-->src/main/AndroidManifest.xml:4:64-87
14    <uses-feature
14-->src/main/AndroidManifest.xml:5:5-100
15        android:name="android.software.companion_device_setup"
15-->src/main/AndroidManifest.xml:5:19-73
16        android:required="true" />
16-->src/main/AndroidManifest.xml:5:74-97
17
18    <uses-permission android:name="android.permission.BLUETOOTH_CONNECT" />
18-->src/main/AndroidManifest.xml:6:5-76
18-->src/main/AndroidManifest.xml:6:22-73
19    <uses-permission android:name="android.permission.FOREGROUND_SERVICE" />
19-->src/main/AndroidManifest.xml:7:5-77
19-->src/main/AndroidManifest.xml:7:22-74
20    <uses-permission android:name="android.permission.FOREGROUND_SERVICE_CONNECTED_DEVICE" />
20-->src/main/AndroidManifest.xml:8:5-94
20-->src/main/AndroidManifest.xml:8:22-91
21    <uses-permission android:name="android.permission.REQUEST_OBSERVE_COMPANION_DEVICE_PRESENCE" />
21-->src/main/AndroidManifest.xml:9:5-100
21-->src/main/AndroidManifest.xml:9:22-97
22
23    <permission
23-->[androidx.core:core:1.16.0] AndroidManifest.xml:22:5-24:47
24        android:name="com.dominobrick.app.DYNAMIC_RECEIVER_NOT_EXPORTED_PERMISSION"
24-->[androidx.core:core:1.16.0] AndroidManifest.xml:23:9-81
25        android:protectionLevel="signature" />
25-->[androidx.core:core:1.16.0] AndroidManifest.xml:24:9-44
26
27    <uses-permission android:name="com.dominobrick.app.DYNAMIC_RECEIVER_NOT_EXPORTED_PERMISSION" />
27-->[androidx.core:core:1.16.0] AndroidManifest.xml:26:5-97
27-->[androidx.core:core:1.16.0] AndroidManifest.xml:26:22-94
28
29    <application
29-->src/main/AndroidManifest.xml:11:5-38:19
30        android:name="com.dominobrick.app.DominoApp"
30-->src/main/AndroidManifest.xml:12:9-34
31        android:appComponentFactory="androidx.core.app.CoreComponentFactory"
31-->[androidx.core:core:1.16.0] AndroidManifest.xml:28:18-86
32        android:debuggable="true"
33        android:extractNativeLibs="false"
33-->INJECTED
34        android:icon="@mipmap/ic_launcher"
34-->src/main/AndroidManifest.xml:14:9-43
35        android:label="dominoBrick"
35-->src/main/AndroidManifest.xml:13:9-36
36        android:roundIcon="@mipmap/ic_launcher_round"
36-->src/main/AndroidManifest.xml:15:9-54
37        android:theme="@android:style/Theme.Material.NoActionBar" >
37-->src/main/AndroidManifest.xml:16:9-66
38        <activity
38-->src/main/AndroidManifest.xml:17:9-25:20
39            android:name="com.dominobrick.app.MainActivity"
39-->src/main/AndroidManifest.xml:18:13-41
40            android:exported="true"
40-->src/main/AndroidManifest.xml:19:13-36
41            android:windowSoftInputMode="adjustResize" >
41-->src/main/AndroidManifest.xml:20:13-55
42            <intent-filter>
42-->src/main/AndroidManifest.xml:21:13-24:29
43                <action android:name="android.intent.action.MAIN" />
43-->src/main/AndroidManifest.xml:22:17-69
43-->src/main/AndroidManifest.xml:22:25-66
44
45                <category android:name="android.intent.category.LAUNCHER" />
45-->src/main/AndroidManifest.xml:23:17-77
45-->src/main/AndroidManifest.xml:23:27-74
46            </intent-filter>
47        </activity>
48
49        <service
49-->src/main/AndroidManifest.xml:26:9-29:63
50            android:name="com.dominobrick.app.service.DominoLinkService"
50-->src/main/AndroidManifest.xml:27:13-54
51            android:exported="false"
51-->src/main/AndroidManifest.xml:28:13-37
52            android:foregroundServiceType="connectedDevice" />
52-->src/main/AndroidManifest.xml:29:13-60
53        <service
53-->src/main/AndroidManifest.xml:30:9-37:19
54            android:name="com.dominobrick.app.service.DominoCompanionService"
54-->src/main/AndroidManifest.xml:31:13-59
55            android:exported="true"
55-->src/main/AndroidManifest.xml:32:13-36
56            android:permission="android.permission.BIND_COMPANION_DEVICE_SERVICE" >
56-->src/main/AndroidManifest.xml:33:13-82
57            <intent-filter>
57-->src/main/AndroidManifest.xml:34:13-36:29
58                <action android:name="android.companion.CompanionDeviceService" />
58-->src/main/AndroidManifest.xml:35:17-83
58-->src/main/AndroidManifest.xml:35:25-80
59            </intent-filter>
60        </service>
61
62        <activity
62-->[androidx.compose.ui:ui-tooling-android:1.12.1] AndroidManifest.xml:23:9-25:39
63            android:name="androidx.compose.ui.tooling.PreviewActivity"
63-->[androidx.compose.ui:ui-tooling-android:1.12.1] AndroidManifest.xml:24:13-71
64            android:exported="true" />
64-->[androidx.compose.ui:ui-tooling-android:1.12.1] AndroidManifest.xml:25:13-36
65
66        <provider
66-->[androidx.emoji2:emoji2:1.4.0] AndroidManifest.xml:24:9-32:20
67            android:name="androidx.startup.InitializationProvider"
67-->[androidx.emoji2:emoji2:1.4.0] AndroidManifest.xml:25:13-67
68            android:authorities="com.dominobrick.app.androidx-startup"
68-->[androidx.emoji2:emoji2:1.4.0] AndroidManifest.xml:26:13-68
69            android:exported="false" >
69-->[androidx.emoji2:emoji2:1.4.0] AndroidManifest.xml:27:13-37
70            <meta-data
70-->[androidx.emoji2:emoji2:1.4.0] AndroidManifest.xml:29:13-31:52
71                android:name="androidx.emoji2.text.EmojiCompatInitializer"
71-->[androidx.emoji2:emoji2:1.4.0] AndroidManifest.xml:30:17-75
72                android:value="androidx.startup" />
72-->[androidx.emoji2:emoji2:1.4.0] AndroidManifest.xml:31:17-49
73            <meta-data
73-->[com.juul.kable:kable-core-android:0.44.3] AndroidManifest.xml:14:13-16:52
74                android:name="com.juul.kable.KableInitializer"
74-->[com.juul.kable:kable-core-android:0.44.3] AndroidManifest.xml:15:17-63
75                android:value="androidx.startup" />
75-->[com.juul.kable:kable-core-android:0.44.3] AndroidManifest.xml:16:17-49
76            <meta-data
76-->[com.juul.tuulbox:coroutines-android:8.1.1] AndroidManifest.xml:14:13-16:52
77                android:name="com.juul.tuulbox.coroutines.TuulboxCoroutinesInitializer"
77-->[com.juul.tuulbox:coroutines-android:8.1.1] AndroidManifest.xml:15:17-88
78                android:value="androidx.startup" />
78-->[com.juul.tuulbox:coroutines-android:8.1.1] AndroidManifest.xml:16:17-49
79            <meta-data
79-->[androidx.lifecycle:lifecycle-process:2.9.4] AndroidManifest.xml:29:13-31:52
80                android:name="androidx.lifecycle.ProcessLifecycleInitializer"
80-->[androidx.lifecycle:lifecycle-process:2.9.4] AndroidManifest.xml:30:17-78
81                android:value="androidx.startup" />
81-->[androidx.lifecycle:lifecycle-process:2.9.4] AndroidManifest.xml:31:17-49
82            <meta-data
82-->[androidx.profileinstaller:profileinstaller:1.4.0] AndroidManifest.xml:29:13-31:52
83                android:name="androidx.profileinstaller.ProfileInstallerInitializer"
83-->[androidx.profileinstaller:profileinstaller:1.4.0] AndroidManifest.xml:30:17-85
84                android:value="androidx.startup" />
84-->[androidx.profileinstaller:profileinstaller:1.4.0] AndroidManifest.xml:31:17-49
85        </provider>
86
87        <uses-library
87-->[androidx.window:window:1.5.0] AndroidManifest.xml:23:9-25:40
88            android:name="androidx.window.extensions"
88-->[androidx.window:window:1.5.0] AndroidManifest.xml:24:13-54
89            android:required="false" />
89-->[androidx.window:window:1.5.0] AndroidManifest.xml:25:13-37
90        <uses-library
90-->[androidx.window:window:1.5.0] AndroidManifest.xml:26:9-28:40
91            android:name="androidx.window.sidecar"
91-->[androidx.window:window:1.5.0] AndroidManifest.xml:27:13-51
92            android:required="false" />
92-->[androidx.window:window:1.5.0] AndroidManifest.xml:28:13-37
93
94        <receiver
94-->[androidx.profileinstaller:profileinstaller:1.4.0] AndroidManifest.xml:34:9-52:20
95            android:name="androidx.profileinstaller.ProfileInstallReceiver"
95-->[androidx.profileinstaller:profileinstaller:1.4.0] AndroidManifest.xml:35:13-76
96            android:directBootAware="false"
96-->[androidx.profileinstaller:profileinstaller:1.4.0] AndroidManifest.xml:36:13-44
97            android:enabled="true"
97-->[androidx.profileinstaller:profileinstaller:1.4.0] AndroidManifest.xml:37:13-35
98            android:exported="true"
98-->[androidx.profileinstaller:profileinstaller:1.4.0] AndroidManifest.xml:38:13-36
99            android:permission="android.permission.DUMP" >
99-->[androidx.profileinstaller:profileinstaller:1.4.0] AndroidManifest.xml:39:13-57
100            <intent-filter>
100-->[androidx.profileinstaller:profileinstaller:1.4.0] AndroidManifest.xml:40:13-42:29
101                <action android:name="androidx.profileinstaller.action.INSTALL_PROFILE" />
101-->[androidx.profileinstaller:profileinstaller:1.4.0] AndroidManifest.xml:41:17-91
101-->[androidx.profileinstaller:profileinstaller:1.4.0] AndroidManifest.xml:41:25-88
102            </intent-filter>
103            <intent-filter>
103-->[androidx.profileinstaller:profileinstaller:1.4.0] AndroidManifest.xml:43:13-45:29
104                <action android:name="androidx.profileinstaller.action.SKIP_FILE" />
104-->[androidx.profileinstaller:profileinstaller:1.4.0] AndroidManifest.xml:44:17-85
104-->[androidx.profileinstaller:profileinstaller:1.4.0] AndroidManifest.xml:44:25-82
105            </intent-filter>
106            <intent-filter>
106-->[androidx.profileinstaller:profileinstaller:1.4.0] AndroidManifest.xml:46:13-48:29
107                <action android:name="androidx.profileinstaller.action.SAVE_PROFILE" />
107-->[androidx.profileinstaller:profileinstaller:1.4.0] AndroidManifest.xml:47:17-88
107-->[androidx.profileinstaller:profileinstaller:1.4.0] AndroidManifest.xml:47:25-85
108            </intent-filter>
109            <intent-filter>
109-->[androidx.profileinstaller:profileinstaller:1.4.0] AndroidManifest.xml:49:13-51:29
110                <action android:name="androidx.profileinstaller.action.BENCHMARK_OPERATION" />
110-->[androidx.profileinstaller:profileinstaller:1.4.0] AndroidManifest.xml:50:17-95
110-->[androidx.profileinstaller:profileinstaller:1.4.0] AndroidManifest.xml:50:25-92
111            </intent-filter>
112        </receiver>
113    </application>
114
115</manifest>